<?xml version="1.0" encoding="UTF-8"?>
<!-- Generated by org.testng.reporters.JUnitReportReporter -->
<testsuite hostname="DESKTOP-I0C21EG" failures="0" tests="1" name="Jerkins.JerkinsDemo.VerifyTitle" time="0.013" errors="0" timestamp="19 Jul 2023 04:42:23 GMT" skipped="0">
  <testcase classname="Jerkins.JerkinsDemo.VerifyTitle" name="titleverification" time="0.013"/>
</testsuite> <!-- Jerkins.JerkinsDemo.VerifyTitle -->
